<?xml version="1.0" encoding="UTF-8"?>
<!-- Generated by org.testng.reporters.JUnitReportReporter -->
<testsuite hostname="LAPTOP-UIF5D0BH" failures="0" tests="1" name="test_case1.Project4" time="2.383" errors="0" timestamp="2025-02-17T20:25:10 IST" skipped="0">
  <testcase classname="test_case1.Project4" name="GoogleTest" time="2.383"/>
</testsuite> <!-- test_case1.Project4 -->
