<?xml version="1.0" encoding="UTF-8"?>
<!-- Generated by org.testng.reporters.JUnitReportReporter -->
<testsuite hostname="LAPTOP-UIF5D0BH" failures="0" tests="1" name="test_case1.Project3" time="7.248" errors="0" timestamp="2025-02-01T23:52:06 IST" skipped="0">
  <testcase classname="test_case1.Project3" name="Test2" time="7.248"/>
</testsuite> <!-- test_case1.Project3 -->
